<?xml version="1.0" encoding="utf-8" standalone="no"?>
<test-results xmlns:xsi="http://www.w3.org/2001/XMLSchema-instance" xsi:noNamespaceSchemaLocation="nunit_schema_2.5.xsd" name="Pester" total="2" errors="0" failures="1" not-run="0" inconclusive="0" ignored="0" skipped="0" invalid="0" date="2023-06-23" time="07:55:29">
  <environment nunit-version="2.5.8.0" cwd="/workspaces/powershell-test-runner/tests/example-partial-fail" user-domain="" machine-name="codespaces-e6a1ab" user="codespace" os-version="5.15.0-1040-azure" clr-version="Unknown" platform="Linux" />
  <culture-info current-culture="" current-uiculture="" />
  <test-suite type="TestFixture" name="Pester" executed="True" result="Failure" success="False" time="0.6626" asserts="0" description="Pester">
    <results>
      <test-suite type="TestFixture" name="/workspaces/powershell-test-runner/tests/example-partial-fail/MiniBob.test.ps1" executed="True" result="Failure" success="False" time="0.6626" asserts="0" description="/workspaces/powershell-test-runner/tests/example-partial-fail/MiniBob.test.ps1">
        <results>
          <test-suite type="TestFixture" name="Test Get-BobResponse" executed="True" result="Failure" success="False" time="0.294" asserts="0" description="Test Get-BobResponse">
            <results>
              <test-case description="stating something" name="Test Get-BobResponse.stating something" time="0.2405" asserts="0" success="False" result="Failure" executed="True">
                <failure>
                  <message>Expected strings to be the same, but they were different.
String lengths are both 9.
Strings differ at index 6.
Expected: 'Whatever.'
But was:  'Whatevah.'
           ------^</message>
                  <stack-trace>at hey -HeyBob "Tom-ay-to, tom-aaaah-to." | Should -BeExactly "Whatever.", /workspaces/powershell-test-runner/tests/example-partial-fail/MiniBob.test.ps1:8
at &lt;ScriptBlock&gt;, /workspaces/powershell-test-runner/tests/example-partial-fail/MiniBob.test.ps1:8</stack-trace>
                </failure>
              </test-case>
              <test-case description="shouting" name="Test Get-BobResponse.shouting" time="0.0122" asserts="0" success="True" result="Success" executed="True" />
            </results>
          </test-suite>
        </results>
      </test-suite>
    </results>
  </test-suite>
</test-results>