<?xml version="1.0" encoding="utf-8" standalone="no"?>
<test-results xmlns:xsi="http://www.w3.org/2001/XMLSchema-instance" xsi:noNamespaceSchemaLocation="nunit_schema_2.5.xsd" name="Pester" total="2" errors="0" failures="2" not-run="0" inconclusive="0" ignored="0" skipped="0" invalid="0" date="2023-06-23" time="07:55:44">
  <environment clr-version="Unknown" user-domain="" platform="Linux" nunit-version="2.5.8.0" machine-name="codespaces-e6a1ab" user="codespace" os-version="5.15.0-1040-azure" cwd="/workspaces/powershell-test-runner/tests/example-syntax-error" />
  <culture-info current-culture="" current-uiculture="" />
  <test-suite type="TestFixture" name="Pester" executed="True" result="Failure" success="False" time="0.705" asserts="0" description="Pester">
    <results>
      <test-suite type="TestFixture" name="/workspaces/powershell-test-runner/tests/example-syntax-error/MiniBob.test.ps1" executed="True" result="Failure" success="False" time="0.705" asserts="0" description="/workspaces/powershell-test-runner/tests/example-syntax-error/MiniBob.test.ps1">
        <results>
          <test-suite type="TestFixture" name="Test Get-BobResponse" executed="True" result="Failure" success="False" time="0.2978" asserts="0" description="Test Get-BobResponse">
            <results>
              <test-case description="stating something" name="Test Get-BobResponse.stating something" time="0.2" asserts="0" success="False" result="Failure" executed="True">
                <failure>
                  <message>CommandNotFoundException: The term 'eturn' is not recognized as a name of a cmdlet, function, script file, or executable program.
Check the spelling of the name, or if a path was included, verify that the path is correct and try again.</message>
                  <stack-trace>at hey, /workspaces/powershell-test-runner/tests/example-syntax-error/MiniBob.ps1:33
at &lt;ScriptBlock&gt;, /workspaces/powershell-test-runner/tests/example-syntax-error/MiniBob.test.ps1:8</stack-trace>
                </failure>
              </test-case>
              <test-case description="shouting" name="Test Get-BobResponse.shouting" time="0.0514" asserts="0" success="False" result="Failure" executed="True">
                <failure>
                  <message>CommandNotFoundException: The term 'eturn' is not recognized as a name of a cmdlet, function, script file, or executable program.
Check the spelling of the name, or if a path was included, verify that the path is correct and try again.</message>
                  <stack-trace>at hey, /workspaces/powershell-test-runner/tests/example-syntax-error/MiniBob.ps1:31
at &lt;ScriptBlock&gt;, /workspaces/powershell-test-runner/tests/example-syntax-error/MiniBob.test.ps1:12</stack-trace>
                </failure>
              </test-case>
            </results>
          </test-suite>
        </results>
      </test-suite>
    </results>
  </test-suite>
</test-results>